[handleMsg]:  {
  key: {
    remoteJid: '5218131618964@s.whatsapp.net',
    fromMe: false,
    id: 'CEAF90855205736932AC19DAA90D5C12',
    participant: undefined
  },
  messageTimestamp: 1698706898,
  pushName: 'Emi',
  broadcast: false,
  message: Message {
    conversation: 'hola',
    messageContextInfo: MessageContextInfo {
      deviceListMetadata: [DeviceListMetadata],
      deviceListMetadataVersion: 2
    }
  },
  body: 'hola',
  from: '5218131618964'
}
[QUEUE_SE_ENVIO]:  {
  ref: 'ans_7fb0f13f-6a6b-4a7c-bd4d-0a1966edec0d',
  keyword: 'key_e25c5a84-55e4-4567-86ca-13f857cd561b',
  answer: '🙌 Hola bienvenido a este *Crash Notify*',
  options: {
    media: null,
    buttons: [],
    capture: false,
    child: null,
    delay: 0,
    nested: [],
    keyword: {},
    callback: false
  },
  refSerialize: 'a3cd1f183e2099c3be3431abf9d53487'
}
[QUEUE_SE_ENVIO]:  {
  ref: 'ans_6e5ff1fa-39ab-4d67-b5c2-b224b32e0c33',
  keyword: 'ans_7fb0f13f-6a6b-4a7c-bd4d-0a1966edec0d',
  answer: 'Escribe\n' +
    '\n' +
    '👉 *botones* para que veas el besto menu\n' +
    '👉 *doc* para ver la documentación\n' +
    '👉 *gracias*  para ver la lista de videos\n' +
    '👉 *discord* unirte al discord',
  options: {
    media: null,
    buttons: [],
    capture: false,
    child: null,
    delay: 0,
    nested: [
      [Object], [Object],
      [Object], [Object],
      [Object], [Object],
      [Object], [Object],
      [Object], [Object],
      [Object], [Object],
      [Object], [Object],
      [Object], [Object],
      [Object]
    ],
    keyword: {},
    callback: false
  },
  refSerialize: '89bd7fcd595e35534536fa837f8ae78a'
}
[handleMsg]:  {
  key: {
    remoteJid: '5218131618964@s.whatsapp.net',
    fromMe: false,
    id: 'A857478315D1B6960999C832FF6E6B4B',
    participant: undefined
  },
  messageTimestamp: 1698706923,
  pushName: 'Emi',
  broadcast: false,
  message: Message {
    conversation: 'doc',
    messageContextInfo: MessageContextInfo {
      deviceListMetadata: [DeviceListMetadata],
      deviceListMetadataVersion: 2
    }
  },
  body: 'doc',
  from: '5218131618964'
}
[QUEUE_SE_ENVIO]:  {
  ref: 'ans_7d09370e-3c35-4c31-9720-6399ae6252f4',
  keyword: 'key_cd83045c-0ee9-4897-854d-e71330893933',
  answer: '📄 Aquí encontras las documentación recuerda que puedes mejorarla\n' +
    'https://bot-whatsapp.netlify.app/\n' +
    '\n' +
    '*2* Para siguiente paso.',
  options: {
    media: null,
    buttons: [],
    capture: false,
    child: null,
    delay: 0,
    nested: [ [Object], [Object] ],
    keyword: {},
    callback: false
  },
  refSerialize: '5a70a77d92d2cb19984edbde7b742c83'
}
